<?xml version="1.0" encoding="UTF-8"?>
<testsuite xmlns:xsi="http://www.w3.org/2001/XMLSchema-instance" xsi:noNamespaceSchemaLocation="https://maven.apache.org/surefire/maven-surefire-plugin/xsd/surefire-test-report-3.0.xsd" version="3.0" name="VoziloTest3" time="0.536" tests="3" errors="0" skipped="2" failures="0">
  <properties>
[...]
</properties>
  <testcase name="" classname="VoziloTest" time="0">
    <skipped message="class VoziloTest is @Disabled"/>
  </testcase>
  <testcase name="" classname="VoziloTest2" time="0">
    <skipped message="class VoziloTest2 is @Disabled"/>
  </testcase>
  <testcase name="test1" classname="VoziloTest3" time="0.51">
    <system-out><![CDATA[********************Auto01********************
Info: Vozilo{serialID=1000, kilometraza=0.0}
Motor{upaljen=false, ispravnost=true, snaga=50.0, alternator=Alternator{snaga=5.0}, akumulator=Stanje: PUN
[Ljava.lang.String;@479ceda0}
********************Auto11********************
Info: Vozilo{serialID=1001, kilometraza=0.0}
Motor{upaljen=false, ispravnost=true, snaga=100.0, alternator=Alternator{snaga=5.0}, akumulator=Stanje: PUN
[Ljava.lang.String;@479ceda0}
********************Auto21********************
Info: Vozilo{serialID=1002, kilometraza=0.0}
Motor{upaljen=false, ispravnost=true, snaga=50.0, alternator=Alternator{snaga=5.0}, akumulator=Stanje: PUN
[Ljava.lang.String;@479ceda0}
********************Auto31********************
Info: Vozilo{serialID=1003, kilometraza=0.0}
Motor{upaljen=false, ispravnost=true, snaga=100.0, alternator=Alternator{snaga=5.0}, akumulator=Stanje: PUN
[Ljava.lang.String;@479ceda0}
]]></system-out>
  </testcase>
</testsuite>