<?xml version="1.0" encoding="UTF-8"?>
<testsuite xmlns:xsi="http://www.w3.org/2001/XMLSchema-instance" xsi:noNamespaceSchemaLocation="https://maven.apache.org/surefire/maven-surefire-plugin/xsd/surefire-test-report-3.0.xsd" version="3.0" name="VoziloTest" time="0.355" tests="5" errors="0" skipped="0" failures="0">
  <properties>
[...]
</properties>
  <testcase name="test1" classname="VoziloTest" time="0.094">
    <system-out><![CDATA[   VoziloTest$1@43195e57
   VoziloTest$2@6e171cd7
   null
   null
Auto info: Vozilo{serialID=1000, kilometraza=1000.0}
Motor{upaljen=false, ispravnost=true, snaga=50.0, alternator=Alternator{snaga=5.0}, akumulator=Stanje: PUN
[Ljava.lang.String;@6b927fb}
]]></system-out>
  </testcase>
  <testcase name="test2" classname="VoziloTest" time="0.007">
    <system-out><![CDATA[   VoziloTest$1@43195e57
   VoziloTest$2@6e171cd7
   null
   null
Auto info: Vozilo{serialID=1000, kilometraza=1000.0}
Motor{upaljen=false, ispravnost=true, snaga=50.0, alternator=Alternator{snaga=5.0}, akumulator=Stanje: PUN
[Ljava.lang.String;@6b927fb}
]]></system-out>
  </testcase>
  <testcase name="test3" classname="VoziloTest" time="0.104">
    <system-out><![CDATA[   null
   VoziloTest$2@6e171cd7
   null
   null
Auto info: Vozilo{serialID=1000, kilometraza=1500.0}
Motor{upaljen=false, ispravnost=true, snaga=50.0, alternator=Alternator{snaga=5.0}, akumulator=Stanje: SKOROPUN
[Ljava.lang.String;@6b927fb}
]]></system-out>
  </testcase>
  <testcase name="test3" classname="VoziloTest" time="0.006">
    <system-out><![CDATA[   VoziloTest$1@43195e57
   VoziloTest$2@6e171cd7
   null
   null
Auto info: Vozilo{serialID=1000, kilometraza=2500.0}
Motor{upaljen=false, ispravnost=true, snaga=50.0, alternator=Alternator{snaga=5.0}, akumulator=Stanje: SKOROPUN
[Ljava.lang.String;@6b927fb}
]]></system-out>
  </testcase>
  <testcase name="test3" classname="VoziloTest" time="0.005">
    <system-out><![CDATA[   VoziloTest$1@43195e57
   VoziloTest$2@6e171cd7
   null
   null
Auto info: Vozilo{serialID=1000, kilometraza=3500.0}
Motor{upaljen=false, ispravnost=true, snaga=50.0, alternator=Alternator{snaga=5.0}, akumulator=Stanje: SKOROPUN
[Ljava.lang.String;@6b927fb}
]]></system-out>
  </testcase>
</testsuite>